This is pdfTeX, Version 3.14159265-2.6-1.40.19 (TeX Live 2018) (preloaded format=pdflatex 2019.3.13)  21 MAY 2019 20:30
entering extended mode
 restricted \write18 enabled.
 file:line:error style messages enabled.
 %&-line parsing enabled.
**/Users/xinyaoniu/Documents/COMP30024-AI/Project2/report_LATEX/report-template.tex
(/Users/xinyaoniu/Documents/COMP30024-AI/Project2/report_LATEX/report-template.tex
LaTeX2e <2018-04-01> patch level 2
Babel <3.18> and hyphenation patterns for 84 language(s) loaded.
(/usr/local/texlive/2018/texmf-dist/tex/latex/base/article.cls
Document Class: article 2014/09/29 v1.4h Standard LaTeX document class
(/usr/local/texlive/2018/texmf-dist/tex/latex/base/size11.clo
File: size11.clo 2014/09/29 v1.4h Standard LaTeX file (size option)
)
\c@part=\count80
\c@section=\count81
\c@subsection=\count82
\c@subsubsection=\count83
\c@paragraph=\count84
\c@subparagraph=\count85
\c@figure=\count86
\c@table=\count87
\abovecaptionskip=\skip41
\belowcaptionskip=\skip42
\bibindent=\dimen102
) (/Users/xinyaoniu/Documents/COMP30024-AI/Project2/report_LATEX/colacl.sty

ALTW 2005 Proceedings style -- June 7th 2005
derived from
ACL-COLING 1998 Proceedings style -- March 31st 1998

\titlebox=\skip43
) (/usr/local/texlive/2018/texmf-dist/tex/latex/psnfss/palatino.sty
Package: palatino 2005/04/12 PSNFSS-v9.2a (SPQR) 
) (/usr/local/texlive/2018/texmf-dist/tex/latex/float/float.sty
Package: float 2001/11/08 v1.3d Float enhancements (AL)
\c@float@type=\count88
\float@exts=\toks14
\float@box=\box26
\@float@everytoks=\toks15
\@floatcapt=\box27
) (/usr/local/texlive/2018/texmf-dist/tex/generic/ulem/ulem.sty
\UL@box=\box28
\UL@hyphenbox=\box29
\UL@skip=\skip44
\UL@hook=\toks16
\UL@height=\dimen103
\UL@pe=\count89
\UL@pixel=\dimen104
\ULC@box=\box30
Package: ulem 2012/05/18
\ULdepth=\dimen105
) (/Users/xinyaoniu/Documents/COMP30024-AI/Project2/report_LATEX/report-template.aux)
\openout1 = `report-template.aux'.

LaTeX Font Info:    Checking defaults for OML/cmm/m/it on input line 14.
LaTeX Font Info:    ... okay on input line 14.
LaTeX Font Info:    Checking defaults for T1/cmr/m/n on input line 14.
LaTeX Font Info:    ... okay on input line 14.
LaTeX Font Info:    Checking defaults for OT1/cmr/m/n on input line 14.
LaTeX Font Info:    ... okay on input line 14.
LaTeX Font Info:    Checking defaults for OMS/cmsy/m/n on input line 14.
LaTeX Font Info:    ... okay on input line 14.
LaTeX Font Info:    Checking defaults for OMX/cmex/m/n on input line 14.
LaTeX Font Info:    ... okay on input line 14.
LaTeX Font Info:    Checking defaults for U/cmr/m/n on input line 14.
LaTeX Font Info:    ... okay on input line 14.
LaTeX Font Info:    Try loading font information for OT1+ppl on input line 14.
 (/usr/local/texlive/2018/texmf-dist/tex/latex/psnfss/ot1ppl.fd
File: ot1ppl.fd 2001/06/04 font definitions for OT1/ppl.
)
LaTeX Font Info:    Font shape `OT1/ppl/bx/n' in size <14.4> not available
(Font)              Font shape `OT1/ppl/b/n' tried instead on input line 15.
LaTeX Font Info:    External font `cmex10' loaded for size
(Font)              <12> on input line 15.
LaTeX Font Info:    External font `cmex10' loaded for size
(Font)              <8> on input line 15.
LaTeX Font Info:    External font `cmex10' loaded for size
(Font)              <6> on input line 15.
LaTeX Font Info:    Font shape `OT1/ppl/bx/n' in size <12> not available
(Font)              Font shape `OT1/ppl/b/n' tried instead on input line 15.
LaTeX Font Info:    External font `cmex10' loaded for size
(Font)              <10.95> on input line 28.
LaTeX Font Info:    External font `cmex10' loaded for size
(Font)              <9> on input line 28.
LaTeX Font Info:    External font `cmex10' loaded for size
(Font)              <5> on input line 28.
LaTeX Font Info:    Font shape `OT1/ppl/bx/n' in size <10.95> not available
(Font)              Font shape `OT1/ppl/b/n' tried instead on input line 31.
 [1{/usr/local/texlive/2018/texmf-var/fonts/map/pdftex/updmap/pdftex.map}



]
Underfull \hbox (badness 4621) in paragraph at lines 82--89
\OT1/ppl/m/n/10.95 Using eval-u-a-tion func-tion just like us-ing
 []


Underfull \hbox (badness 10000) in paragraph at lines 82--89

 []


Underfull \hbox (badness 10000) in paragraph at lines 82--89
\OT1/ppl/m/n/10.95 The fol-low-ing pa-ram-e-ters are what we
 []

LaTeX Font Info:    Try loading font information for OMS+ppl on input line 92.
(/usr/local/texlive/2018/texmf-dist/tex/latex/psnfss/omsppl.fd
File: omsppl.fd 
)
LaTeX Font Info:    Font shape `OMS/ppl/m/n' in size <10.95> not available
(Font)              Font shape `OMS/cmsy/m/n' tried instead on input line 92.

Underfull \hbox (badness 6526) in paragraph at lines 110--113
[]\OT1/ppl/b/n/10.95 other[]reduced[]hueristic \OT1/ppl/m/n/10.95 Sim-i-lar as re-
 []


Underfull \hbox (badness 1742) in paragraph at lines 127--130
[]\OT1/ppl/m/n/10.95 group up and move to-gether at early
 []


Underfull \hbox (badness 1968) in paragraph at lines 137--161
\OT1/ppl/m/n/10.95 We put a lot ef-fort on im-ple-ment-ing and
 []


Underfull \hbox (badness 10000) in paragraph at lines 137--161

 []


Underfull \hbox (badness 10000) in paragraph at lines 137--161

 []


Underfull \hbox (badness 2735) in paragraph at lines 137--161
\OT1/ppl/m/n/10.95 From the in-put per-spec-tive, we pri-mar-ily
 []


Underfull \hbox (badness 7963) in paragraph at lines 137--161
\OT1/ppl/m/n/10.95 Whereas, it con-ver-gence ex-tremely slow.
 []


Underfull \hbox (badness 1924) in paragraph at lines 137--161
\OT1/ppl/m/n/10.95 made" fea-tures, which are quit sim-i-lar as
 []

[2]
Underfull \hbox (badness 10000) in paragraph at lines 171--193

 []


Underfull \hbox (badness 10000) in paragraph at lines 171--193

 []


Underfull \hbox (badness 1325) in paragraph at lines 171--193
\OT1/ppl/m/n/10.95 eval-u-a-tion func-tion to eval-u-ate the cur-rent
 []


Underfull \hbox (badness 1325) in paragraph at lines 171--193
\OT1/ppl/m/n/10.95 to rep-re-sent the long run re-ward for each
 []


Underfull \hbox (badness 10000) in paragraph at lines 171--193

 []


Underfull \hbox (badness 4556) in paragraph at lines 171--193
\OT1/ppl/m/n/10.95 For MaxN prun-ing, we use our eval-u-a-
 []


Underfull \hbox (badness 1033) in paragraph at lines 171--193
\OT1/ppl/m/n/10.95 some good moves fol-low-ing it as we only
 []

[3] (/Users/xinyaoniu/Documents/COMP30024-AI/Project2/report_LATEX/report-template.aux) ) 
Here is how much of TeX's memory you used:
 479 strings out of 492649
 6357 string characters out of 6129622
 72616 words of memory out of 5000000
 4404 multiletter control sequences out of 15000+600000
 16539 words of font info for 46 fonts, out of 8000000 for 9000
 1141 hyphenation exceptions out of 8191
 24i,9n,19p,248b,226s stack positions out of 5000i,500n,10000p,200000b,80000s
{/usr/local/texlive/2018/texmf-dist/fonts/enc/dvips/base/8r.enc}</usr/local/texlive/2018/texmf-dist/fonts/type1/public/amsfonts/cm/cmmi10.pfb></usr/local/texlive/2018/texmf-dist/fonts/type1/public/amsfonts/cm/cmmi8.pfb></usr/local/texlive/2018/texmf-dist/fonts/type1/public/amsfonts/cm/cmr10.pfb></usr/local/texlive/2018/texmf-dist/fonts/type1/public/amsfonts/cm/cmr8.pfb></usr/local/texlive/2018/texmf-dist/fonts/type1/public/amsfonts/cm/cmsy10.pfb></usr/local/texlive/2018/texmf-dist/fonts/type1/urw/palatino/uplb8a.pfb></usr/local/texlive/2018/texmf-dist/fonts/type1/urw/palatino/uplr8a.pfb>
Output written on /Users/xinyaoniu/Documents/COMP30024-AI/Project2/report_LATEX/report-template.pdf (3 pages, 95864 bytes).
PDF statistics:
 43 PDF objects out of 1000 (max. 8388607)
 30 compressed objects within 1 object stream
 0 named destinations out of 1000 (max. 500000)
 1 words of extra memory for PDF output out of 10000 (max. 10000000)

